<?xml version="1.0" encoding="UTF-8"?>
<testsuites name="jest tests" tests="3" failures="0" time="0.177">
  <testsuite name="Funkcja sayHello" errors="0" failures="0" skipped="0" timestamp="2023-01-25T13:19:11" time="0.169" tests="3">
    <testcase classname="Funkcja sayHello powinna zwrócić string" name="Funkcja sayHello powinna zwrócić string" time="0.001">
    </testcase>
    <testcase classname="Funkcja sayHello powinna zwrócić &quot;Hello world&quot; jeżeli nie podano żadnego parametru" name="Funkcja sayHello powinna zwrócić &quot;Hello world&quot; jeżeli nie podano żadnego parametru" time="0">
    </testcase>
    <testcase classname="Funkcja sayHello powinna zwrócić połączenie tekstu &quot;Hello &quot; i przekazanego parametru" name="Funkcja sayHello powinna zwrócić połączenie tekstu &quot;Hello &quot; i przekazanego parametru" time="0.001">
    </testcase>
  </testsuite>
</testsuites>